<?xml version="1.0" encoding="UTF-8"?>
<!-- Generated by org.testng.reporters.JUnitXMLReporter -->
<testsuite ignored="0" hostname="DESKTOP-0L9DERS" failures="1" tests="2" name="Chrome Run" time="6.454" errors="0" timestamp="2025-05-01T22:27:30 EDT">
  <testcase classname="io.cucumber.testng.AbstractTestNGCucumberTests" name="runScenario" time="0.296">
    <failure type="java.lang.NullPointerException" message="null value in entry: url=null">
      <![CDATA[java.lang.NullPointerException: null value in entry: url=null
at com.google.common.collect.CollectPreconditions.checkEntryNotNull(CollectPreconditions.java:33)
at com.google.common.collect.SingletonImmutableBiMap.<init>(SingletonImmutableBiMap.java:43)
at com.google.common.collect.ImmutableBiMap.of(ImmutableBiMap.java:83)
at com.google.common.collect.ImmutableMap.of(ImmutableMap.java:130)
at org.openqa.selenium.remote.DriverCommand.GET(DriverCommand.java:194)
at org.openqa.selenium.remote.RemoteWebDriver.get(RemoteWebDriver.java:309)
at utilityAllureCrossBrowser1.BaseClassAllureCrossBrowser1.allureCrossBrowser1_launchURL(BaseClassAllureCrossBrowser1.java:83)
at stepDefinationAllureCrossBrowser1.ImageSliderAllureOneBrowser1.i_am_on_the_website_homepage(ImageSliderAllureOneBrowser1.java:14)
at ✽.I am on the website homepage(file:///C:/workspaces/projects/com.AllureCrossBrowser1/src/test/resource/featureFolderAllureCrossBrowser1/ImageSliderAllureCrossBrowser1.feature:12)
]]>
    </failure>
  </testcase> <!-- runScenario -->
  <testcase classname="io.cucumber.testng.AbstractTestNGCucumberTests" name="runScenario" time="1.527"/>
</testsuite> <!-- Chrome Run -->
