-------------------------------------------------------------------------------
Test set: TestSuite
-------------------------------------------------------------------------------
Tests run: 4, Failures: 1, Errors: 0, Skipped: 0, Time elapsed: 8.205 s <<< FAILURE! -- in TestSuite
testRunnerAllureCrossBrowser1.TestRunnerAllureCrossBrowser1.runScenario["Verify homepage image slider is displayed", "Homepage image slider functionality"](1) -- Time elapsed: 0.309 s <<< FAILURE!
java.lang.NullPointerException: null value in entry: url=null
	at com.google.common.collect.CollectPreconditions.checkEntryNotNull(CollectPreconditions.java:33)
	at com.google.common.collect.SingletonImmutableBiMap.<init>(SingletonImmutableBiMap.java:43)
	at com.google.common.collect.ImmutableBiMap.of(ImmutableBiMap.java:83)
	at com.google.common.collect.ImmutableMap.of(ImmutableMap.java:130)
	at org.openqa.selenium.remote.DriverCommand.GET(DriverCommand.java:194)
	at org.openqa.selenium.remote.RemoteWebDriver.get(RemoteWebDriver.java:309)
	at utilityAllureCrossBrowser1.BaseClassAllureCrossBrowser1.allureCrossBrowser1_launchURL(BaseClassAllureCrossBrowser1.java:83)
	at stepDefinationAllureCrossBrowser1.ImageSliderAllureOneBrowser1.i_am_on_the_website_homepage(ImageSliderAllureOneBrowser1.java:14)
	at ✽.I am on the website homepage(file:///C:/workspaces/projects/com.AllureCrossBrowser1/src/test/resource/featureFolderAllureCrossBrowser1/ImageSliderAllureCrossBrowser1.feature:12)

