<?xml version="1.0" encoding="UTF-8"?>
<testng-results ignored="0" total="4" passed="4" failed="0" skipped="0">
  <reporter-output>
  </reporter-output>
  <suite started-at="2025-05-03T00:13:35 EDT" name="CrossBrowserSuite" finished-at="2025-05-03T00:13:42 EDT" duration-ms="7370">
    <groups>
      <group name="cucumber">
        <method signature="AbstractTestNGCucumberTests.runScenario(io.cucumber.testng.PickleWrapper,io.cucumber.testng.FeatureWrapper)[pri:0, instance:testRunnerAllureCrossBrowser1.TestRunnerAllureCrossBrowser1@36f1046f]" name="runScenario" class="io.cucumber.testng.AbstractTestNGCucumberTests"/>
        <method signature="AbstractTestNGCucumberTests.runScenario(io.cucumber.testng.PickleWrapper,io.cucumber.testng.FeatureWrapper)[pri:0, instance:testRunnerAllureCrossBrowser1.TestRunnerAllureCrossBrowser1@1fcf9739]" name="runScenario" class="io.cucumber.testng.AbstractTestNGCucumberTests"/>
      </group> <!-- cucumber -->
    </groups>
    <test started-at="2025-05-03T00:13:35 EDT" name="Chrome Run" finished-at="2025-05-03T00:13:42 EDT" duration-ms="7370">
      <class name="testRunnerAllureCrossBrowser1.TestRunnerAllureCrossBrowser1">
        <test-method is-config="true" signature="setup(java.lang.String)[pri:0, instance:testRunnerAllureCrossBrowser1.TestRunnerAllureCrossBrowser1@36f1046f]" started-at="2025-05-03T00:13:35 EDT" name="setup" finished-at="2025-05-03T00:13:37 EDT" duration-ms="2260" status="PASS">
          <params>
            <param index="0">
              <value>
                <![CDATA[chrome]]>
              </value>
            </param>
          </params>
          <reporter-output>
          </reporter-output>
        </test-method> <!-- setup -->
        <test-method is-config="true" signature="setUpClass(org.testng.ITestContext)[pri:0, instance:testRunnerAllureCrossBrowser1.TestRunnerAllureCrossBrowser1@36f1046f]" started-at="2025-05-03T00:13:37 EDT" name="setUpClass" finished-at="2025-05-03T00:13:38 EDT" duration-ms="969" status="PASS">
          <params>
            <param index="0">
              <value>
                <![CDATA[org.testng.TestRunner@58a2b4c]]>
              </value>
            </param>
          </params>
          <reporter-output>
          </reporter-output>
        </test-method> <!-- setUpClass -->
        <test-method signature="runScenario(io.cucumber.testng.PickleWrapper,io.cucumber.testng.FeatureWrapper)[pri:0, instance:testRunnerAllureCrossBrowser1.TestRunnerAllureCrossBrowser1@36f1046f]" started-at="2025-05-03T00:13:38 EDT" name="runScenario" description="Runs Cucumber Scenarios" data-provider="scenarios" finished-at="2025-05-03T00:13:40 EDT" duration-ms="1826" status="PASS">
          <params>
            <param index="0">
              <value>
                <![CDATA["Verify homepage image slider is displayed"]]>
              </value>
            </param>
            <param index="1">
              <value>
                <![CDATA["Homepage image slider functionality"]]>
              </value>
            </param>
          </params>
          <reporter-output>
          </reporter-output>
        </test-method> <!-- runScenario -->
        <test-method signature="runScenario(io.cucumber.testng.PickleWrapper,io.cucumber.testng.FeatureWrapper)[pri:0, instance:testRunnerAllureCrossBrowser1.TestRunnerAllureCrossBrowser1@36f1046f]" started-at="2025-05-03T00:13:40 EDT" name="runScenario" description="Runs Cucumber Scenarios" data-provider="scenarios" finished-at="2025-05-03T00:13:41 EDT" duration-ms="819" status="PASS">
          <params>
            <param index="0">
              <value>
                <![CDATA["Verify image slider automatically changes images"]]>
              </value>
            </param>
            <param index="1">
              <value>
                <![CDATA["Homepage image slider functionality"]]>
              </value>
            </param>
          </params>
          <reporter-output>
          </reporter-output>
        </test-method> <!-- runScenario -->
        <test-method is-config="true" signature="tearDownClass()[pri:0, instance:testRunnerAllureCrossBrowser1.TestRunnerAllureCrossBrowser1@36f1046f]" started-at="2025-05-03T00:13:41 EDT" name="tearDownClass" finished-at="2025-05-03T00:13:42 EDT" duration-ms="1197" status="PASS">
          <reporter-output>
          </reporter-output>
        </test-method> <!-- tearDownClass -->
        <test-method is-config="true" signature="tearDown()[pri:0, instance:testRunnerAllureCrossBrowser1.TestRunnerAllureCrossBrowser1@36f1046f]" started-at="2025-05-03T00:13:42 EDT" name="tearDown" finished-at="2025-05-03T00:13:42 EDT" duration-ms="223" status="PASS">
          <reporter-output>
          </reporter-output>
        </test-method> <!-- tearDown -->
      </class> <!-- testRunnerAllureCrossBrowser1.TestRunnerAllureCrossBrowser1 -->
    </test> <!-- Chrome Run -->
    <test started-at="2025-05-03T00:13:35 EDT" name="Edge Run" finished-at="2025-05-03T00:13:42 EDT" duration-ms="7350">
      <class name="testRunnerAllureCrossBrowser1.TestRunnerAllureCrossBrowser1">
        <test-method is-config="true" signature="setup(java.lang.String)[pri:0, instance:testRunnerAllureCrossBrowser1.TestRunnerAllureCrossBrowser1@1fcf9739]" started-at="2025-05-03T00:13:35 EDT" name="setup" finished-at="2025-05-03T00:13:37 EDT" duration-ms="2260" status="PASS">
          <params>
            <param index="0">
              <value>
                <![CDATA[edge]]>
              </value>
            </param>
          </params>
          <reporter-output>
          </reporter-output>
        </test-method> <!-- setup -->
        <test-method is-config="true" signature="setUpClass(org.testng.ITestContext)[pri:0, instance:testRunnerAllureCrossBrowser1.TestRunnerAllureCrossBrowser1@1fcf9739]" started-at="2025-05-03T00:13:37 EDT" name="setUpClass" finished-at="2025-05-03T00:13:38 EDT" duration-ms="969" status="PASS">
          <params>
            <param index="0">
              <value>
                <![CDATA[org.testng.TestRunner@7159a5cd]]>
              </value>
            </param>
          </params>
          <reporter-output>
          </reporter-output>
        </test-method> <!-- setUpClass -->
        <test-method signature="runScenario(io.cucumber.testng.PickleWrapper,io.cucumber.testng.FeatureWrapper)[pri:0, instance:testRunnerAllureCrossBrowser1.TestRunnerAllureCrossBrowser1@1fcf9739]" started-at="2025-05-03T00:13:38 EDT" name="runScenario" description="Runs Cucumber Scenarios" data-provider="scenarios" finished-at="2025-05-03T00:13:40 EDT" duration-ms="1826" status="PASS">
          <params>
            <param index="0">
              <value>
                <![CDATA["Verify homepage image slider is displayed"]]>
              </value>
            </param>
            <param index="1">
              <value>
                <![CDATA["Homepage image slider functionality"]]>
              </value>
            </param>
          </params>
          <reporter-output>
          </reporter-output>
        </test-method> <!-- runScenario -->
        <test-method signature="runScenario(io.cucumber.testng.PickleWrapper,io.cucumber.testng.FeatureWrapper)[pri:0, instance:testRunnerAllureCrossBrowser1.TestRunnerAllureCrossBrowser1@1fcf9739]" started-at="2025-05-03T00:13:40 EDT" name="runScenario" description="Runs Cucumber Scenarios" data-provider="scenarios" finished-at="2025-05-03T00:13:41 EDT" duration-ms="740" status="PASS">
          <params>
            <param index="0">
              <value>
                <![CDATA["Verify image slider automatically changes images"]]>
              </value>
            </param>
            <param index="1">
              <value>
                <![CDATA["Homepage image slider functionality"]]>
              </value>
            </param>
          </params>
          <reporter-output>
          </reporter-output>
        </test-method> <!-- runScenario -->
        <test-method is-config="true" signature="tearDownClass()[pri:0, instance:testRunnerAllureCrossBrowser1.TestRunnerAllureCrossBrowser1@1fcf9739]" started-at="2025-05-03T00:13:41 EDT" name="tearDownClass" finished-at="2025-05-03T00:13:42 EDT" duration-ms="1287" status="PASS">
          <reporter-output>
          </reporter-output>
        </test-method> <!-- tearDownClass -->
        <test-method is-config="true" signature="tearDown()[pri:0, instance:testRunnerAllureCrossBrowser1.TestRunnerAllureCrossBrowser1@1fcf9739]" started-at="2025-05-03T00:13:42 EDT" name="tearDown" finished-at="2025-05-03T00:13:42 EDT" duration-ms="193" status="PASS">
          <reporter-output>
          </reporter-output>
        </test-method> <!-- tearDown -->
      </class> <!-- testRunnerAllureCrossBrowser1.TestRunnerAllureCrossBrowser1 -->
    </test> <!-- Edge Run -->
  </suite> <!-- CrossBrowserSuite -->
</testng-results>
