<?xml version="1.0" encoding="UTF-8"?>
<testng-results ignored="0" total="4" passed="3" failed="1" skipped="0">
  <reporter-output>
  </reporter-output>
  <suite started-at="2025-05-01T22:27:23 EDT" name="CrossBrowserSuite" finished-at="2025-05-01T22:27:30 EDT" duration-ms="6789">
    <groups>
      <group name="cucumber">
        <method signature="AbstractTestNGCucumberTests.runScenario(io.cucumber.testng.PickleWrapper,io.cucumber.testng.FeatureWrapper)[pri:0, instance:testRunnerAllureCrossBrowser1.TestRunnerAllureCrossBrowser1@56d93692]" name="runScenario" class="io.cucumber.testng.AbstractTestNGCucumberTests"/>
        <method signature="AbstractTestNGCucumberTests.runScenario(io.cucumber.testng.PickleWrapper,io.cucumber.testng.FeatureWrapper)[pri:0, instance:testRunnerAllureCrossBrowser1.TestRunnerAllureCrossBrowser1@5b498842]" name="runScenario" class="io.cucumber.testng.AbstractTestNGCucumberTests"/>
      </group> <!-- cucumber -->
    </groups>
    <test started-at="2025-05-01T22:27:23 EDT" name="Chrome Run" finished-at="2025-05-01T22:27:30 EDT" duration-ms="6454">
      <class name="testRunnerAllureCrossBrowser1.TestRunnerAllureCrossBrowser1">
        <test-method is-config="true" signature="setup(java.lang.String)[pri:0, instance:testRunnerAllureCrossBrowser1.TestRunnerAllureCrossBrowser1@56d93692]" started-at="2025-05-01T22:27:23 EDT" name="setup" finished-at="2025-05-01T22:27:25 EDT" duration-ms="1915" status="PASS">
          <params>
            <param index="0">
              <value>
                <![CDATA[chrome]]>
              </value>
            </param>
          </params>
          <reporter-output>
          </reporter-output>
        </test-method> <!-- setup -->
        <test-method is-config="true" signature="setUpClass(org.testng.ITestContext)[pri:0, instance:testRunnerAllureCrossBrowser1.TestRunnerAllureCrossBrowser1@56d93692]" started-at="2025-05-01T22:27:25 EDT" name="setUpClass" finished-at="2025-05-01T22:27:27 EDT" duration-ms="1305" status="PASS">
          <params>
            <param index="0">
              <value>
                <![CDATA[org.testng.TestRunner@c3177d5]]>
              </value>
            </param>
          </params>
          <reporter-output>
          </reporter-output>
        </test-method> <!-- setUpClass -->
        <test-method signature="runScenario(io.cucumber.testng.PickleWrapper,io.cucumber.testng.FeatureWrapper)[pri:0, instance:testRunnerAllureCrossBrowser1.TestRunnerAllureCrossBrowser1@56d93692]" started-at="2025-05-01T22:27:27 EDT" name="runScenario" description="Runs Cucumber Scenarios" data-provider="scenarios" finished-at="2025-05-01T22:27:27 EDT" duration-ms="296" status="FAIL">
          <params>
            <param index="0">
              <value>
                <![CDATA["Verify homepage image slider is displayed"]]>
              </value>
            </param>
            <param index="1">
              <value>
                <![CDATA["Homepage image slider functionality"]]>
              </value>
            </param>
          </params>
          <exception class="java.lang.NullPointerException">
            <message>
              <![CDATA[null value in entry: url=null]]>
            </message>
            <full-stacktrace>
              <![CDATA[java.lang.NullPointerException: null value in entry: url=null
at com.google.common.collect.CollectPreconditions.checkEntryNotNull(CollectPreconditions.java:33)
at com.google.common.collect.SingletonImmutableBiMap.<init>(SingletonImmutableBiMap.java:43)
at com.google.common.collect.ImmutableBiMap.of(ImmutableBiMap.java:83)
at com.google.common.collect.ImmutableMap.of(ImmutableMap.java:130)
at org.openqa.selenium.remote.DriverCommand.GET(DriverCommand.java:194)
at org.openqa.selenium.remote.RemoteWebDriver.get(RemoteWebDriver.java:309)
at utilityAllureCrossBrowser1.BaseClassAllureCrossBrowser1.allureCrossBrowser1_launchURL(BaseClassAllureCrossBrowser1.java:83)
at stepDefinationAllureCrossBrowser1.ImageSliderAllureOneBrowser1.i_am_on_the_website_homepage(ImageSliderAllureOneBrowser1.java:14)
at ✽.I am on the website homepage(file:///C:/workspaces/projects/com.AllureCrossBrowser1/src/test/resource/featureFolderAllureCrossBrowser1/ImageSliderAllureCrossBrowser1.feature:12)
]]>
            </full-stacktrace>
          </exception> <!-- java.lang.NullPointerException -->
          <reporter-output>
          </reporter-output>
        </test-method> <!-- runScenario -->
        <test-method signature="runScenario(io.cucumber.testng.PickleWrapper,io.cucumber.testng.FeatureWrapper)[pri:0, instance:testRunnerAllureCrossBrowser1.TestRunnerAllureCrossBrowser1@56d93692]" started-at="2025-05-01T22:27:27 EDT" name="runScenario" description="Runs Cucumber Scenarios" data-provider="scenarios" finished-at="2025-05-01T22:27:28 EDT" duration-ms="1527" status="PASS">
          <params>
            <param index="0">
              <value>
                <![CDATA["Verify image slider automatically changes images"]]>
              </value>
            </param>
            <param index="1">
              <value>
                <![CDATA["Homepage image slider functionality"]]>
              </value>
            </param>
          </params>
          <reporter-output>
          </reporter-output>
        </test-method> <!-- runScenario -->
        <test-method is-config="true" signature="tearDownClass()[pri:0, instance:testRunnerAllureCrossBrowser1.TestRunnerAllureCrossBrowser1@56d93692]" started-at="2025-05-01T22:27:28 EDT" name="tearDownClass" finished-at="2025-05-01T22:27:30 EDT" duration-ms="1131" status="PASS">
          <reporter-output>
          </reporter-output>
        </test-method> <!-- tearDownClass -->
        <test-method is-config="true" signature="tearDown()[pri:0, instance:testRunnerAllureCrossBrowser1.TestRunnerAllureCrossBrowser1@56d93692]" started-at="2025-05-01T22:27:30 EDT" name="tearDown" finished-at="2025-05-01T22:27:30 EDT" duration-ms="192" status="PASS">
          <reporter-output>
          </reporter-output>
        </test-method> <!-- tearDown -->
      </class> <!-- testRunnerAllureCrossBrowser1.TestRunnerAllureCrossBrowser1 -->
    </test> <!-- Chrome Run -->
    <test started-at="2025-05-01T22:27:23 EDT" name="Edge Run" finished-at="2025-05-01T22:27:30 EDT" duration-ms="6789">
      <class name="testRunnerAllureCrossBrowser1.TestRunnerAllureCrossBrowser1">
        <test-method is-config="true" signature="setup(java.lang.String)[pri:0, instance:testRunnerAllureCrossBrowser1.TestRunnerAllureCrossBrowser1@5b498842]" started-at="2025-05-01T22:27:23 EDT" name="setup" finished-at="2025-05-01T22:27:27 EDT" duration-ms="3248" status="PASS">
          <params>
            <param index="0">
              <value>
                <![CDATA[edge]]>
              </value>
            </param>
          </params>
          <reporter-output>
          </reporter-output>
        </test-method> <!-- setup -->
        <test-method is-config="true" signature="setUpClass(org.testng.ITestContext)[pri:0, instance:testRunnerAllureCrossBrowser1.TestRunnerAllureCrossBrowser1@5b498842]" started-at="2025-05-01T22:27:27 EDT" name="setUpClass" finished-at="2025-05-01T22:27:27 EDT" duration-ms="16" status="PASS">
          <params>
            <param index="0">
              <value>
                <![CDATA[org.testng.TestRunner@76f856a8]]>
              </value>
            </param>
          </params>
          <reporter-output>
          </reporter-output>
        </test-method> <!-- setUpClass -->
        <test-method signature="runScenario(io.cucumber.testng.PickleWrapper,io.cucumber.testng.FeatureWrapper)[pri:0, instance:testRunnerAllureCrossBrowser1.TestRunnerAllureCrossBrowser1@5b498842]" started-at="2025-05-01T22:27:27 EDT" name="runScenario" description="Runs Cucumber Scenarios" data-provider="scenarios" finished-at="2025-05-01T22:27:28 EDT" duration-ms="1895" status="PASS">
          <params>
            <param index="0">
              <value>
                <![CDATA["Verify homepage image slider is displayed"]]>
              </value>
            </param>
            <param index="1">
              <value>
                <![CDATA["Homepage image slider functionality"]]>
              </value>
            </param>
          </params>
          <reporter-output>
          </reporter-output>
        </test-method> <!-- runScenario -->
        <test-method signature="runScenario(io.cucumber.testng.PickleWrapper,io.cucumber.testng.FeatureWrapper)[pri:0, instance:testRunnerAllureCrossBrowser1.TestRunnerAllureCrossBrowser1@5b498842]" started-at="2025-05-01T22:27:28 EDT" name="runScenario" description="Runs Cucumber Scenarios" data-provider="scenarios" finished-at="2025-05-01T22:27:29 EDT" duration-ms="742" status="PASS">
          <params>
            <param index="0">
              <value>
                <![CDATA["Verify image slider automatically changes images"]]>
              </value>
            </param>
            <param index="1">
              <value>
                <![CDATA["Homepage image slider functionality"]]>
              </value>
            </param>
          </params>
          <reporter-output>
          </reporter-output>
        </test-method> <!-- runScenario -->
        <test-method is-config="true" signature="tearDownClass()[pri:0, instance:testRunnerAllureCrossBrowser1.TestRunnerAllureCrossBrowser1@5b498842]" started-at="2025-05-01T22:27:29 EDT" name="tearDownClass" finished-at="2025-05-01T22:27:30 EDT" duration-ms="716" status="PASS">
          <reporter-output>
          </reporter-output>
        </test-method> <!-- tearDownClass -->
        <test-method is-config="true" signature="tearDown()[pri:0, instance:testRunnerAllureCrossBrowser1.TestRunnerAllureCrossBrowser1@5b498842]" started-at="2025-05-01T22:27:30 EDT" name="tearDown" finished-at="2025-05-01T22:27:30 EDT" duration-ms="145" status="PASS">
          <reporter-output>
          </reporter-output>
        </test-method> <!-- tearDown -->
      </class> <!-- testRunnerAllureCrossBrowser1.TestRunnerAllureCrossBrowser1 -->
    </test> <!-- Edge Run -->
  </suite> <!-- CrossBrowserSuite -->
</testng-results>
