<?xml version="1.0" encoding="UTF-8"?>
<!-- Generated by org.testng.reporters.JUnitReportReporter -->
<testsuite hostname="DESKTOP-0L9DERS" failures="0" tests="4" name="testRunnerAllureCrossBrowser1.TestRunnerAllureCrossBrowser1" time="5.211" errors="0" timestamp="2025-05-03T00:13:43 EDT" skipped="0">
  <testcase classname="testRunnerAllureCrossBrowser1.TestRunnerAllureCrossBrowser1" name="runScenario" time="0.819"/>
  <testcase classname="testRunnerAllureCrossBrowser1.TestRunnerAllureCrossBrowser1" name="runScenario" time="1.826"/>
  <testcase classname="testRunnerAllureCrossBrowser1.TestRunnerAllureCrossBrowser1" name="runScenario" time="1.826"/>
  <testcase classname="testRunnerAllureCrossBrowser1.TestRunnerAllureCrossBrowser1" name="runScenario" time="0.740"/>
</testsuite> <!-- testRunnerAllureCrossBrowser1.TestRunnerAllureCrossBrowser1 -->
